<?xml version="1.0" encoding="UTF-8"?>
<testsuite xmlns:xsi="http://www.w3.org/2001/XMLSchema-instance" xsi:noNamespaceSchemaLocation="https://maven.apache.org/surefire/maven-surefire-plugin/xsd/surefire-test-report-3.0.xsd" version="3.0" name="TestRunner.SmokeRunner" time="22.137" tests="1" errors="0" skipped="0" failures="0">
  <properties>
[...]
</properties>
  <testcase name="Adding a new Employee" classname="Employee" time="21.598">
    <system-out><![CDATA[
@testcase2
Scenario: Adding a new Employee                        &amp#27;[90m# src/test/resources/Features/Addemployee.feature:6&amp#27;[0m
  &amp#27;[32mThen &amp#27;[0m&amp#27;[32muser enter valid email and valid password&amp#27;[0m       &amp#27;[90m# StepDefinitions.Login.user_enter_valid_email_and_valid_password()&amp#27;[0m
  &amp#27;[32mAnd &amp#27;[0m&amp#27;[32mclick on login button&amp#27;[0m                            &amp#27;[90m# StepDefinitions.Login.click_on_login_button()&amp#27;[0m
  &amp#27;[32mWhen &amp#27;[0m&amp#27;[32muser clicks on PIM option&amp#27;[0m                       &amp#27;[90m# StepDefinitions.AddEmployee.user_clicks_on_pim_option()&amp#27;[0m
  &amp#27;[32mAnd &amp#27;[0m&amp#27;[32madd clicks on add employee option&amp#27;[0m                &amp#27;[90m# StepDefinitions.AddEmployee.add_clicks_on_add_employee_option()&amp#27;[0m
  &amp#27;[32mAnd &amp#27;[0m&amp#27;[32muser enter firstname and middlename and lastname&amp#27;[0m &amp#27;[90m# StepDefinitions.AddEmployee.user_enter_firstname_and_middlename_and_lastname()&amp#27;[0m
  &amp#27;[32mAnd &amp#27;[0m&amp#27;[32muser clicks on save button&amp#27;[0m                       &amp#27;[90m# StepDefinitions.AddEmployee.user_clicks_on_save_button()&amp#27;[0m

    Embedding Adding a new Employee [image/png 72473 bytes]

]]></system-out>
    <system-err><![CDATA[May 24, 2024 10:21:44 AM org.openqa.selenium.remote.http.WebSocket$Listener onError
WARNING: An existing connection was forcibly closed by the remote host
java.io.IOException: An existing connection was forcibly closed by the remote host
	at java.base/sun.nio.ch.SocketDispatcher.read0(Native Method)
	at java.base/sun.nio.ch.SocketDispatcher.read(SocketDispatcher.java:43)
	at java.base/sun.nio.ch.IOUtil.readIntoNativeBuffer(IOUtil.java:276)
	at java.base/sun.nio.ch.IOUtil.read(IOUtil.java:245)
	at java.base/sun.nio.ch.IOUtil.read(IOUtil.java:223)
	at java.base/sun.nio.ch.SocketChannelImpl.read(SocketChannelImpl.java:358)
	at java.net.http/jdk.internal.net.http.SocketTube.readAvailable(SocketTube.java:1153)
	at java.net.http/jdk.internal.net.http.SocketTube$InternalReadPublisher$InternalReadSubscription.read(SocketTube.java:821)
	at java.net.http/jdk.internal.net.http.SocketTube$SocketFlowTask.run(SocketTube.java:175)
	at java.net.http/jdk.internal.net.http.common.SequentialScheduler$SchedulableTask.run(SequentialScheduler.java:198)
	at java.net.http/jdk.internal.net.http.common.SequentialScheduler.runOrSchedule(SequentialScheduler.java:271)
	at java.net.http/jdk.internal.net.http.common.SequentialScheduler.runOrSchedule(SequentialScheduler.java:224)
	at java.net.http/jdk.internal.net.http.SocketTube$InternalReadPublisher$InternalReadSubscription.signalReadable(SocketTube.java:763)
	at java.net.http/jdk.internal.net.http.SocketTube$InternalReadPublisher$ReadEvent.signalEvent(SocketTube.java:941)
	at java.net.http/jdk.internal.net.http.SocketTube$SocketFlowEvent.handle(SocketTube.java:245)
	at java.net.http/jdk.internal.net.http.HttpClientImpl$SelectorManager.handleEvent(HttpClientImpl.java:957)
	at java.net.http/jdk.internal.net.http.HttpClientImpl$SelectorManager.lambda$run$3(HttpClientImpl.java:912)
	at java.base/java.util.ArrayList.forEach(ArrayList.java:1541)
	at java.net.http/jdk.internal.net.http.HttpClientImpl$SelectorManager.run(HttpClientImpl.java:912)

]]></system-err>
  </testcase>
</testsuite>